[09-Feb-2018 19:14:57 UTC] PHP Warning:  Creating default object from empty value in D:\web\www\thegamesdb\scripts\ajax_searchgame.php on line 7
[09-Feb-2018 19:15:00 UTC] PHP Fatal error:  Uncaught Elasticsearch\Common\Exceptions\Curl\CouldNotConnectToHost: Failed to connect to localhost port 9200: Connection refused in D:\web\www\thegamesdb\vendor\elasticsearch\elasticsearch\src\Elasticsearch\Connections\AbstractConnection.php:323
Stack trace:
#0 D:\web\www\thegamesdb\vendor\elasticsearch\elasticsearch\src\Elasticsearch\Connections\GuzzleConnection.php(319): Elasticsearch\Connections\AbstractConnection->throwCurlException(7, 'Failed to conne...')
#1 D:\web\www\thegamesdb\vendor\elasticsearch\elasticsearch\src\Elasticsearch\Connections\GuzzleConnection.php(206): Elasticsearch\Connections\GuzzleConnection->processCurlError(Object(Guzzle\Http\Exception\CurlException))
#2 D:\web\www\thegamesdb\vendor\elasticsearch\elasticsearch\src\Elasticsearch\Connections\GuzzleConnection.php(104): Elasticsearch\Connections\GuzzleConnection->sendRequest(Object(Guzzle\Http\Message\EntityEnclosingRequest), '{\r\n\t\t\t\t\t      "...')
#3 D:\web\www\thegamesdb\vendor\elasticsearch\elasticsearch\src\Elasticsearch\Tr in D:\web\www\thegamesdb\vendor\elasticsearch\elasticsearch\src\Elasticsearch\Connections\AbstractConnection.php on line 323
[09-Feb-2018 19:15:00 UTC] PHP Warning:  Creating default object from empty value in D:\web\www\thegamesdb\scripts\ajax_searchgame.php on line 7
[09-Feb-2018 19:15:03 UTC] PHP Fatal error:  Uncaught Elasticsearch\Common\Exceptions\Curl\CouldNotConnectToHost: Failed to connect to localhost port 9200: Connection refused in D:\web\www\thegamesdb\vendor\elasticsearch\elasticsearch\src\Elasticsearch\Connections\AbstractConnection.php:323
Stack trace:
#0 D:\web\www\thegamesdb\vendor\elasticsearch\elasticsearch\src\Elasticsearch\Connections\GuzzleConnection.php(319): Elasticsearch\Connections\AbstractConnection->throwCurlException(7, 'Failed to conne...')
#1 D:\web\www\thegamesdb\vendor\elasticsearch\elasticsearch\src\Elasticsearch\Connections\GuzzleConnection.php(206): Elasticsearch\Connections\GuzzleConnection->processCurlError(Object(Guzzle\Http\Exception\CurlException))
#2 D:\web\www\thegamesdb\vendor\elasticsearch\elasticsearch\src\Elasticsearch\Connections\GuzzleConnection.php(104): Elasticsearch\Connections\GuzzleConnection->sendRequest(Object(Guzzle\Http\Message\EntityEnclosingRequest), '{\r\n\t\t\t\t\t      "...')
#3 D:\web\www\thegamesdb\vendor\elasticsearch\elasticsearch\src\Elasticsearch\Tr in D:\web\www\thegamesdb\vendor\elasticsearch\elasticsearch\src\Elasticsearch\Connections\AbstractConnection.php on line 323
[09-Feb-2018 19:15:03 UTC] PHP Warning:  Creating default object from empty value in D:\web\www\thegamesdb\scripts\ajax_searchgame.php on line 7
[09-Feb-2018 19:15:06 UTC] PHP Fatal error:  Uncaught Elasticsearch\Common\Exceptions\Curl\CouldNotConnectToHost: Failed to connect to localhost port 9200: Connection refused in D:\web\www\thegamesdb\vendor\elasticsearch\elasticsearch\src\Elasticsearch\Connections\AbstractConnection.php:323
Stack trace:
#0 D:\web\www\thegamesdb\vendor\elasticsearch\elasticsearch\src\Elasticsearch\Connections\GuzzleConnection.php(319): Elasticsearch\Connections\AbstractConnection->throwCurlException(7, 'Failed to conne...')
#1 D:\web\www\thegamesdb\vendor\elasticsearch\elasticsearch\src\Elasticsearch\Connections\GuzzleConnection.php(206): Elasticsearch\Connections\GuzzleConnection->processCurlError(Object(Guzzle\Http\Exception\CurlException))
#2 D:\web\www\thegamesdb\vendor\elasticsearch\elasticsearch\src\Elasticsearch\Connections\GuzzleConnection.php(104): Elasticsearch\Connections\GuzzleConnection->sendRequest(Object(Guzzle\Http\Message\EntityEnclosingRequest), '{\r\n\t\t\t\t\t      "...')
#3 D:\web\www\thegamesdb\vendor\elasticsearch\elasticsearch\src\Elasticsearch\Tr in D:\web\www\thegamesdb\vendor\elasticsearch\elasticsearch\src\Elasticsearch\Connections\AbstractConnection.php on line 323
[09-Feb-2018 19:15:06 UTC] PHP Warning:  Creating default object from empty value in D:\web\www\thegamesdb\scripts\ajax_searchgame.php on line 7
[09-Feb-2018 19:15:09 UTC] PHP Fatal error:  Uncaught Elasticsearch\Common\Exceptions\Curl\CouldNotConnectToHost: Failed to connect to localhost port 9200: Connection refused in D:\web\www\thegamesdb\vendor\elasticsearch\elasticsearch\src\Elasticsearch\Connections\AbstractConnection.php:323
Stack trace:
#0 D:\web\www\thegamesdb\vendor\elasticsearch\elasticsearch\src\Elasticsearch\Connections\GuzzleConnection.php(319): Elasticsearch\Connections\AbstractConnection->throwCurlException(7, 'Failed to conne...')
#1 D:\web\www\thegamesdb\vendor\elasticsearch\elasticsearch\src\Elasticsearch\Connections\GuzzleConnection.php(206): Elasticsearch\Connections\GuzzleConnection->processCurlError(Object(Guzzle\Http\Exception\CurlException))
#2 D:\web\www\thegamesdb\vendor\elasticsearch\elasticsearch\src\Elasticsearch\Connections\GuzzleConnection.php(104): Elasticsearch\Connections\GuzzleConnection->sendRequest(Object(Guzzle\Http\Message\EntityEnclosingRequest), '{\r\n\t\t\t\t\t      "...')
#3 D:\web\www\thegamesdb\vendor\elasticsearch\elasticsearch\src\Elasticsearch\Tr in D:\web\www\thegamesdb\vendor\elasticsearch\elasticsearch\src\Elasticsearch\Connections\AbstractConnection.php on line 323
[09-Feb-2018 19:15:09 UTC] PHP Warning:  Creating default object from empty value in D:\web\www\thegamesdb\scripts\ajax_searchgame.php on line 7
[09-Feb-2018 19:15:12 UTC] PHP Fatal error:  Uncaught Elasticsearch\Common\Exceptions\Curl\CouldNotConnectToHost: Failed to connect to localhost port 9200: Connection refused in D:\web\www\thegamesdb\vendor\elasticsearch\elasticsearch\src\Elasticsearch\Connections\AbstractConnection.php:323
Stack trace:
#0 D:\web\www\thegamesdb\vendor\elasticsearch\elasticsearch\src\Elasticsearch\Connections\GuzzleConnection.php(319): Elasticsearch\Connections\AbstractConnection->throwCurlException(7, 'Failed to conne...')
#1 D:\web\www\thegamesdb\vendor\elasticsearch\elasticsearch\src\Elasticsearch\Connections\GuzzleConnection.php(206): Elasticsearch\Connections\GuzzleConnection->processCurlError(Object(Guzzle\Http\Exception\CurlException))
#2 D:\web\www\thegamesdb\vendor\elasticsearch\elasticsearch\src\Elasticsearch\Connections\GuzzleConnection.php(104): Elasticsearch\Connections\GuzzleConnection->sendRequest(Object(Guzzle\Http\Message\EntityEnclosingRequest), '{\r\n\t\t\t\t\t      "...')
#3 D:\web\www\thegamesdb\vendor\elasticsearch\elasticsearch\src\Elasticsearch\Tr in D:\web\www\thegamesdb\vendor\elasticsearch\elasticsearch\src\Elasticsearch\Connections\AbstractConnection.php on line 323
[09-Feb-2018 19:36:36 UTC] PHP Warning:  Creating default object from empty value in D:\web\www\thegamesdb\scripts\ajax_searchgame.php on line 7
[09-Feb-2018 19:36:39 UTC] PHP Fatal error:  Uncaught Elasticsearch\Common\Exceptions\Curl\CouldNotConnectToHost: Failed to connect to localhost port 9200: Connection refused in D:\web\www\thegamesdb\vendor\elasticsearch\elasticsearch\src\Elasticsearch\Connections\AbstractConnection.php:323
Stack trace:
#0 D:\web\www\thegamesdb\vendor\elasticsearch\elasticsearch\src\Elasticsearch\Connections\GuzzleConnection.php(319): Elasticsearch\Connections\AbstractConnection->throwCurlException(7, 'Failed to conne...')
#1 D:\web\www\thegamesdb\vendor\elasticsearch\elasticsearch\src\Elasticsearch\Connections\GuzzleConnection.php(206): Elasticsearch\Connections\GuzzleConnection->processCurlError(Object(Guzzle\Http\Exception\CurlException))
#2 D:\web\www\thegamesdb\vendor\elasticsearch\elasticsearch\src\Elasticsearch\Connections\GuzzleConnection.php(104): Elasticsearch\Connections\GuzzleConnection->sendRequest(Object(Guzzle\Http\Message\EntityEnclosingRequest), '{\r\n\t\t\t\t\t      "...')
#3 D:\web\www\thegamesdb\vendor\elasticsearch\elasticsearch\src\Elasticsearch\Tr in D:\web\www\thegamesdb\vendor\elasticsearch\elasticsearch\src\Elasticsearch\Connections\AbstractConnection.php on line 323
[09-Feb-2018 19:36:39 UTC] PHP Warning:  Creating default object from empty value in D:\web\www\thegamesdb\scripts\ajax_searchgame.php on line 7
[09-Feb-2018 19:36:42 UTC] PHP Fatal error:  Uncaught Elasticsearch\Common\Exceptions\Curl\CouldNotConnectToHost: Failed to connect to localhost port 9200: Connection refused in D:\web\www\thegamesdb\vendor\elasticsearch\elasticsearch\src\Elasticsearch\Connections\AbstractConnection.php:323
Stack trace:
#0 D:\web\www\thegamesdb\vendor\elasticsearch\elasticsearch\src\Elasticsearch\Connections\GuzzleConnection.php(319): Elasticsearch\Connections\AbstractConnection->throwCurlException(7, 'Failed to conne...')
#1 D:\web\www\thegamesdb\vendor\elasticsearch\elasticsearch\src\Elasticsearch\Connections\GuzzleConnection.php(206): Elasticsearch\Connections\GuzzleConnection->processCurlError(Object(Guzzle\Http\Exception\CurlException))
#2 D:\web\www\thegamesdb\vendor\elasticsearch\elasticsearch\src\Elasticsearch\Connections\GuzzleConnection.php(104): Elasticsearch\Connections\GuzzleConnection->sendRequest(Object(Guzzle\Http\Message\EntityEnclosingRequest), '{\r\n\t\t\t\t\t      "...')
#3 D:\web\www\thegamesdb\vendor\elasticsearch\elasticsearch\src\Elasticsearch\Tr in D:\web\www\thegamesdb\vendor\elasticsearch\elasticsearch\src\Elasticsearch\Connections\AbstractConnection.php on line 323
[09-Feb-2018 19:36:42 UTC] PHP Warning:  Creating default object from empty value in D:\web\www\thegamesdb\scripts\ajax_searchgame.php on line 7
[09-Feb-2018 19:36:45 UTC] PHP Fatal error:  Uncaught Elasticsearch\Common\Exceptions\Curl\CouldNotConnectToHost: Failed to connect to localhost port 9200: Connection refused in D:\web\www\thegamesdb\vendor\elasticsearch\elasticsearch\src\Elasticsearch\Connections\AbstractConnection.php:323
Stack trace:
#0 D:\web\www\thegamesdb\vendor\elasticsearch\elasticsearch\src\Elasticsearch\Connections\GuzzleConnection.php(319): Elasticsearch\Connections\AbstractConnection->throwCurlException(7, 'Failed to conne...')
#1 D:\web\www\thegamesdb\vendor\elasticsearch\elasticsearch\src\Elasticsearch\Connections\GuzzleConnection.php(206): Elasticsearch\Connections\GuzzleConnection->processCurlError(Object(Guzzle\Http\Exception\CurlException))
#2 D:\web\www\thegamesdb\vendor\elasticsearch\elasticsearch\src\Elasticsearch\Connections\GuzzleConnection.php(104): Elasticsearch\Connections\GuzzleConnection->sendRequest(Object(Guzzle\Http\Message\EntityEnclosingRequest), '{\r\n\t\t\t\t\t      "...')
#3 D:\web\www\thegamesdb\vendor\elasticsearch\elasticsearch\src\Elasticsearch\Tr in D:\web\www\thegamesdb\vendor\elasticsearch\elasticsearch\src\Elasticsearch\Connections\AbstractConnection.php on line 323
[09-Feb-2018 19:36:45 UTC] PHP Warning:  Creating default object from empty value in D:\web\www\thegamesdb\scripts\ajax_searchgame.php on line 7
[09-Feb-2018 19:36:48 UTC] PHP Fatal error:  Uncaught Elasticsearch\Common\Exceptions\Curl\CouldNotConnectToHost: Failed to connect to localhost port 9200: Connection refused in D:\web\www\thegamesdb\vendor\elasticsearch\elasticsearch\src\Elasticsearch\Connections\AbstractConnection.php:323
Stack trace:
#0 D:\web\www\thegamesdb\vendor\elasticsearch\elasticsearch\src\Elasticsearch\Connections\GuzzleConnection.php(319): Elasticsearch\Connections\AbstractConnection->throwCurlException(7, 'Failed to conne...')
#1 D:\web\www\thegamesdb\vendor\elasticsearch\elasticsearch\src\Elasticsearch\Connections\GuzzleConnection.php(206): Elasticsearch\Connections\GuzzleConnection->processCurlError(Object(Guzzle\Http\Exception\CurlException))
#2 D:\web\www\thegamesdb\vendor\elasticsearch\elasticsearch\src\Elasticsearch\Connections\GuzzleConnection.php(104): Elasticsearch\Connections\GuzzleConnection->sendRequest(Object(Guzzle\Http\Message\EntityEnclosingRequest), '{\r\n\t\t\t\t\t      "...')
#3 D:\web\www\thegamesdb\vendor\elasticsearch\elasticsearch\src\Elasticsearch\Tr in D:\web\www\thegamesdb\vendor\elasticsearch\elasticsearch\src\Elasticsearch\Connections\AbstractConnection.php on line 323
[09-Feb-2018 20:00:12 UTC] PHP Warning:  Creating default object from empty value in D:\web\www\thegamesdb\scripts\ajax_searchgame.php on line 7
[09-Feb-2018 20:00:14 UTC] PHP Fatal error:  Uncaught Elasticsearch\Common\Exceptions\Curl\CouldNotConnectToHost: Failed to connect to localhost port 9200: Connection refused in D:\web\www\thegamesdb\vendor\elasticsearch\elasticsearch\src\Elasticsearch\Connections\AbstractConnection.php:323
Stack trace:
#0 D:\web\www\thegamesdb\vendor\elasticsearch\elasticsearch\src\Elasticsearch\Connections\GuzzleConnection.php(319): Elasticsearch\Connections\AbstractConnection->throwCurlException(7, 'Failed to conne...')
#1 D:\web\www\thegamesdb\vendor\elasticsearch\elasticsearch\src\Elasticsearch\Connections\GuzzleConnection.php(206): Elasticsearch\Connections\GuzzleConnection->processCurlError(Object(Guzzle\Http\Exception\CurlException))
#2 D:\web\www\thegamesdb\vendor\elasticsearch\elasticsearch\src\Elasticsearch\Connections\GuzzleConnection.php(104): Elasticsearch\Connections\GuzzleConnection->sendRequest(Object(Guzzle\Http\Message\EntityEnclosingRequest), '{\r\n\t\t\t\t\t      "...')
#3 D:\web\www\thegamesdb\vendor\elasticsearch\elasticsearch\src\Elasticsearch\Tr in D:\web\www\thegamesdb\vendor\elasticsearch\elasticsearch\src\Elasticsearch\Connections\AbstractConnection.php on line 323
[09-Feb-2018 20:00:14 UTC] PHP Warning:  Creating default object from empty value in D:\web\www\thegamesdb\scripts\ajax_searchgame.php on line 7
[09-Feb-2018 20:00:17 UTC] PHP Fatal error:  Uncaught Elasticsearch\Common\Exceptions\Curl\CouldNotConnectToHost: Failed to connect to localhost port 9200: Connection refused in D:\web\www\thegamesdb\vendor\elasticsearch\elasticsearch\src\Elasticsearch\Connections\AbstractConnection.php:323
Stack trace:
#0 D:\web\www\thegamesdb\vendor\elasticsearch\elasticsearch\src\Elasticsearch\Connections\GuzzleConnection.php(319): Elasticsearch\Connections\AbstractConnection->throwCurlException(7, 'Failed to conne...')
#1 D:\web\www\thegamesdb\vendor\elasticsearch\elasticsearch\src\Elasticsearch\Connections\GuzzleConnection.php(206): Elasticsearch\Connections\GuzzleConnection->processCurlError(Object(Guzzle\Http\Exception\CurlException))
#2 D:\web\www\thegamesdb\vendor\elasticsearch\elasticsearch\src\Elasticsearch\Connections\GuzzleConnection.php(104): Elasticsearch\Connections\GuzzleConnection->sendRequest(Object(Guzzle\Http\Message\EntityEnclosingRequest), '{\r\n\t\t\t\t\t      "...')
#3 D:\web\www\thegamesdb\vendor\elasticsearch\elasticsearch\src\Elasticsearch\Tr in D:\web\www\thegamesdb\vendor\elasticsearch\elasticsearch\src\Elasticsearch\Connections\AbstractConnection.php on line 323
[09-Feb-2018 20:03:19 UTC] PHP Parse error:  syntax error, unexpected 'if' (T_IF) in - on line 47
